[2023-10-24 00:05:53,903: INFO: common: yaml file: config\config.yaml loaded successfully]
[2023-10-24 00:05:53,914: INFO: common: yaml file: params.yaml loaded successfully]
[2023-10-24 00:05:53,917: INFO: common: created directory at: artifacts]
[2023-10-24 00:05:53,918: INFO: common: created directory at: artifacts/data_ingestion]
[2023-10-24 00:05:53,920: INFO: 1579108944: Downloading data from https://drive.google.com/file/d/1L5F8J2ovgQZo1_6N2GE_Y_2cmtt6NRML/view?usp=share_link into file artifacts/data_ingestion/data.zip]
[2023-10-24 00:06:16,106: INFO: 1579108944: Downloaded data from https://drive.google.com/file/d/1L5F8J2ovgQZo1_6N2GE_Y_2cmtt6NRML/view?usp=share_link into file artifacts/data_ingestion/data.zip]
[2023-10-24 14:19:01,038: INFO: main: >>>>>> block Data Ingestion Block started <<<<<<]
[2023-10-24 14:19:01,052: INFO: common: yaml file: config\config.yaml loaded successfully]
[2023-10-24 14:19:01,056: INFO: common: yaml file: params.yaml loaded successfully]
[2023-10-24 14:19:01,058: INFO: common: created directory at: artifacts]
[2023-10-24 14:19:01,060: INFO: common: created directory at: artifacts/data_ingestion]
[2023-10-24 14:19:01,060: INFO: data_ingestion: Downloading data from https://drive.google.com/file/d/1L5F8J2ovgQZo1_6N2GE_Y_2cmtt6NRML/view?usp=share_link into file artifacts/data_ingestion/data.zip]
[2023-10-24 14:19:23,552: INFO: data_ingestion: Downloaded data from https://drive.google.com/file/d/1L5F8J2ovgQZo1_6N2GE_Y_2cmtt6NRML/view?usp=share_link into file artifacts/data_ingestion/data.zip]
[2023-10-24 14:19:26,045: INFO: main: >>>>>> block Data Ingestion Block completed <<<<<<

x==========x]
[2023-10-24 14:54:53,871: INFO: common: yaml file: config\config.yaml loaded successfully]
[2023-10-24 14:54:53,890: INFO: common: yaml file: params.yaml loaded successfully]
[2023-10-24 14:54:53,892: INFO: common: created directory at: artifacts]
[2023-10-24 14:54:53,894: INFO: common: created directory at: artifacts/prepare_base_model]
[2023-10-24 14:55:09,722: WARNING: saving_utils: Compiled the loaded model, but the compiled metrics have yet to be built. `model.compile_metrics` will be empty until you train or evaluate the model.]
